[INFO] Scanning for projects...
[INFO] 
[INFO] ---------------------< com.fptdemo:borrowservice >----------------------
[INFO] Building borrowservice 0.0.1-SNAPSHOT
[INFO]   from pom.xml
[INFO] --------------------------------[ jar ]---------------------------------
[INFO] 
[INFO] >>> spring-boot:3.4.3:run (default-cli) > test-compile @ borrowservice >>>
[INFO] 
[INFO] --- resources:3.3.1:resources (default-resources) @ borrowservice ---
[INFO] Copying 1 resource from src\main\resources to target\classes
[INFO] Copying 0 resource from src\main\resources to target\classes
[INFO] 
[INFO] --- compiler:3.13.0:compile (default-compile) @ borrowservice ---
[INFO] Nothing to compile - all classes are up to date.
[INFO] 
[INFO] --- resources:3.3.1:testResources (default-testResources) @ borrowservice ---
[INFO] skip non existing resourceDirectory D:\Projects\MicroServiceLB\borrowservice\src\test\resources
[INFO] 
[INFO] --- compiler:3.13.0:testCompile (default-testCompile) @ borrowservice ---
[INFO] Nothing to compile - all classes are up to date.
[INFO] 
[INFO] <<< spring-boot:3.4.3:run (default-cli) < test-compile @ borrowservice <<<
[INFO] 
[INFO] 
[INFO] --- spring-boot:3.4.3:run (default-cli) @ borrowservice ---
[INFO] Attaching agents: []

  .   ____          _            __ _ _
 /\\ / ___'_ __ _ _(_)_ __  __ _ \ \ \ \
( ( )\___ | '_ | '_| | '_ \/ _` | \ \ \ \
 \\/  ___)| |_)| | | | | || (_| |  ) ) ) )
  '  |____| .__|_| |_|_| |_\__, | / / / /
 =========|_|==============|___/=/_/_/_/

 :: Spring Boot ::                (v3.4.3)

2026-02-24T14:39:00.776+07:00  INFO 34748 --- [borrow-service] [           main] c.f.b.BorrowserviceApplication           : Starting BorrowserviceApplication using Java 21.0.10 with PID 34748 (D:\Projects\MicroServiceLB\borrowservice\target\classes started by ngogi in D:\Projects\MicroServiceLB\borrowservice)
2026-02-24T14:39:00.778+07:00 DEBUG 34748 --- [borrow-service] [           main] c.f.b.BorrowserviceApplication           : Running with Spring Boot v3.4.3, Spring v6.2.3
2026-02-24T14:39:00.778+07:00  INFO 34748 --- [borrow-service] [           main] c.f.b.BorrowserviceApplication           : No active profile set, falling back to 1 default profile: "default"
2026-02-24T14:39:01.851+07:00  INFO 34748 --- [borrow-service] [           main] .s.d.r.c.RepositoryConfigurationDelegate : Bootstrapping Spring Data JPA repositories in DEFAULT mode.
2026-02-24T14:39:01.956+07:00  INFO 34748 --- [borrow-service] [           main] .s.d.r.c.RepositoryConfigurationDelegate : Finished Spring Data repository scanning in 99 ms. Found 1 JPA repository interface.
2026-02-24T14:39:02.251+07:00  INFO 34748 --- [borrow-service] [           main] o.s.cloud.context.scope.GenericScope     : BeanFactory id=7cc0cad0-bb59-3122-9ca9-6c27fc7e032a
2026-02-24T14:39:02.801+07:00  INFO 34748 --- [borrow-service] [           main] o.s.b.w.embedded.tomcat.TomcatWebServer  : Tomcat initialized with port 8070 (http)
2026-02-24T14:39:02.811+07:00  INFO 34748 --- [borrow-service] [           main] o.apache.catalina.core.StandardService   : Starting service [Tomcat]
2026-02-24T14:39:02.812+07:00  INFO 34748 --- [borrow-service] [           main] o.apache.catalina.core.StandardEngine    : Starting Servlet engine: [Apache Tomcat/10.1.36]
2026-02-24T14:39:02.859+07:00  INFO 34748 --- [borrow-service] [           main] o.a.c.c.C.[.[localhost].[/api/borrow]    : Initializing Spring embedded WebApplicationContext
2026-02-24T14:39:02.860+07:00  INFO 34748 --- [borrow-service] [           main] w.s.c.ServletWebServerApplicationContext : Root WebApplicationContext: initialization completed in 2047 ms
2026-02-24T14:39:03.091+07:00 DEBUG 34748 --- [borrow-service] [           main] c.f.b.security.JwtAuthFilter             : Filter 'jwtAuthFilter' configured for use
2026-02-24T14:39:03.214+07:00  INFO 34748 --- [borrow-service] [           main] o.hibernate.jpa.internal.util.LogHelper  : HHH000204: Processing PersistenceUnitInfo [name: default]
2026-02-24T14:39:03.251+07:00  INFO 34748 --- [borrow-service] [           main] org.hibernate.Version                    : HHH000412: Hibernate ORM core version 6.6.8.Final
2026-02-24T14:39:03.286+07:00  INFO 34748 --- [borrow-service] [           main] o.h.c.internal.RegionFactoryInitiator    : HHH000026: Second-level cache disabled
2026-02-24T14:39:03.477+07:00  INFO 34748 --- [borrow-service] [           main] o.s.o.j.p.SpringPersistenceUnitInfo      : No LoadTimeWeaver setup: ignoring JPA class transformer
2026-02-24T14:39:03.507+07:00  INFO 34748 --- [borrow-service] [           main] com.zaxxer.hikari.HikariDataSource       : HikariPool-1 - Starting...
2026-02-24T14:39:03.769+07:00  INFO 34748 --- [borrow-service] [           main] com.zaxxer.hikari.pool.HikariPool        : HikariPool-1 - Added connection com.mysql.cj.jdbc.ConnectionImpl@3fdede3a
2026-02-24T14:39:03.771+07:00  INFO 34748 --- [borrow-service] [           main] com.zaxxer.hikari.HikariDataSource       : HikariPool-1 - Start completed.
2026-02-24T14:39:03.810+07:00  WARN 34748 --- [borrow-service] [           main] org.hibernate.orm.deprecation            : HHH90000025: MySQLDialect does not need to be specified explicitly using 'hibernate.dialect' (remove the property setting and it will be selected by default)
2026-02-24T14:39:03.825+07:00  INFO 34748 --- [borrow-service] [           main] org.hibernate.orm.connections.pooling    : HHH10001005: Database info:
	Database JDBC URL [Connecting through datasource 'HikariDataSource (HikariPool-1)']
	Database driver: undefined/unknown
	Database version: 8.0.44
	Autocommit mode: undefined/unknown
	Isolation level: undefined/unknown
	Minimum pool size: undefined/unknown
	Maximum pool size: undefined/unknown
2026-02-24T14:39:04.829+07:00  INFO 34748 --- [borrow-service] [           main] o.h.e.t.j.p.i.JtaPlatformInitiator       : HHH000489: No JTA platform available (set 'hibernate.transaction.jta.platform' to enable JTA platform integration)
2026-02-24T14:39:04.866+07:00  INFO 34748 --- [borrow-service] [           main] j.LocalContainerEntityManagerFactoryBean : Initialized JPA EntityManagerFactory for persistence unit 'default'
2026-02-24T14:39:05.321+07:00  WARN 34748 --- [borrow-service] [           main] JpaBaseConfiguration$JpaWebConfiguration : spring.jpa.open-in-view is enabled by default. Therefore, database queries may be performed during view rendering. Explicitly configure spring.jpa.open-in-view to disable this warning
2026-02-24T14:39:05.396+07:00  INFO 34748 --- [borrow-service] [           main] o.s.c.openfeign.FeignClientFactoryBean   : For 'bookservice' URL not provided. Will try picking an instance via load-balancing.
2026-02-24T14:39:05.523+07:00  WARN 34748 --- [borrow-service] [           main] .s.s.UserDetailsServiceAutoConfiguration : 

Using generated security password: 4244ec65-5c31-400a-b9a8-2e222e797bce

This generated password is for development use only. Your security configuration must be updated before running your application in production.

2026-02-24T14:39:05.537+07:00  INFO 34748 --- [borrow-service] [           main] r$InitializeUserDetailsManagerConfigurer : Global AuthenticationManager configured with UserDetailsService bean with name inMemoryUserDetailsManager
2026-02-24T14:39:06.020+07:00  INFO 34748 --- [borrow-service] [           main] o.s.b.a.e.web.EndpointLinksResolver      : Exposing 17 endpoints beneath base path '/actuator'
2026-02-24T14:39:06.138+07:00 DEBUG 34748 --- [borrow-service] [           main] o.s.s.web.DefaultSecurityFilterChain     : Will secure any request with filters: DisableEncodeUrlFilter, WebAsyncManagerIntegrationFilter, SecurityContextHolderFilter, HeaderWriterFilter, LogoutFilter, JwtAuthFilter, RequestCacheAwareFilter, SecurityContextHolderAwareRequestFilter, AnonymousAuthenticationFilter, SessionManagementFilter, ExceptionTranslationFilter, AuthorizationFilter
2026-02-24T14:39:06.562+07:00  INFO 34748 --- [borrow-service] [           main] DiscoveryClientOptionalArgsConfiguration : Eureka HTTP Client uses RestTemplate.
2026-02-24T14:39:06.595+07:00  WARN 34748 --- [borrow-service] [           main] iguration$LoadBalancerCaffeineWarnLogger : Spring Cloud LoadBalancer is currently working with the default cache. While this cache implementation is useful for development and tests, it's recommended to use Caffeine cache in production.You can switch to using Caffeine cache, by adding it and org.springframework.cache.caffeine.CaffeineCacheManager to the classpath.
2026-02-24T14:39:06.652+07:00  INFO 34748 --- [borrow-service] [           main] o.s.c.n.eureka.InstanceInfoFactory       : Setting initial instance status as: STARTING
2026-02-24T14:39:06.670+07:00  INFO 34748 --- [borrow-service] [           main] com.netflix.discovery.DiscoveryClient    : Initializing Eureka in region us-east-1
2026-02-24T14:39:06.672+07:00  INFO 34748 --- [borrow-service] [           main] c.n.d.s.r.aws.ConfigClusterResolver      : Resolving eureka endpoints via configuration
2026-02-24T14:39:06.679+07:00  INFO 34748 --- [borrow-service] [           main] com.netflix.discovery.DiscoveryClient    : Disable delta property : false
2026-02-24T14:39:06.679+07:00  INFO 34748 --- [borrow-service] [           main] com.netflix.discovery.DiscoveryClient    : Single vip registry refresh property : null
2026-02-24T14:39:06.680+07:00  INFO 34748 --- [borrow-service] [           main] com.netflix.discovery.DiscoveryClient    : Force full registry fetch : false
2026-02-24T14:39:06.680+07:00  INFO 34748 --- [borrow-service] [           main] com.netflix.discovery.DiscoveryClient    : Application is null : false
2026-02-24T14:39:06.680+07:00  INFO 34748 --- [borrow-service] [           main] com.netflix.discovery.DiscoveryClient    : Registered Applications size is zero : true
2026-02-24T14:39:06.680+07:00  INFO 34748 --- [borrow-service] [           main] com.netflix.discovery.DiscoveryClient    : Application version is -1: true
2026-02-24T14:39:06.680+07:00  INFO 34748 --- [borrow-service] [           main] com.netflix.discovery.DiscoveryClient    : Getting all instance registry info from the eureka server
2026-02-24T14:39:06.944+07:00  INFO 34748 --- [borrow-service] [           main] com.netflix.discovery.DiscoveryClient    : The response status is 200
2026-02-24T14:39:06.945+07:00  INFO 34748 --- [borrow-service] [           main] com.netflix.discovery.DiscoveryClient    : Starting heartbeat executor: renew interval is: 30
2026-02-24T14:39:06.947+07:00  INFO 34748 --- [borrow-service] [           main] c.n.discovery.InstanceInfoReplicator     : InstanceInfoReplicator onDemand update allowed rate per min is 4
2026-02-24T14:39:06.948+07:00  INFO 34748 --- [borrow-service] [           main] com.netflix.discovery.DiscoveryClient    : Discovery Client initialized at timestamp 1771918746947 with initial instances count: 2
2026-02-24T14:39:06.954+07:00  INFO 34748 --- [borrow-service] [           main] o.s.c.n.e.s.EurekaServiceRegistry        : Registering application BORROW-SERVICE with eureka with status UP
2026-02-24T14:39:06.954+07:00  INFO 34748 --- [borrow-service] [           main] com.netflix.discovery.DiscoveryClient    : Saw local status change event StatusChangeEvent [timestamp=1771918746954, current=UP, previous=STARTING]
2026-02-24T14:39:06.956+07:00  INFO 34748 --- [borrow-service] [foReplicator-%d] com.netflix.discovery.DiscoveryClient    : DiscoveryClient_BORROW-SERVICE/Wuan:borrow-service:8070: registering service...
2026-02-24T14:39:06.960+07:00  INFO 34748 --- [borrow-service] [           main] o.s.c.n.e.s.EurekaServiceRegistry        : Unregistering application BORROW-SERVICE with eureka with status DOWN
2026-02-24T14:39:06.960+07:00  INFO 34748 --- [borrow-service] [           main] com.netflix.discovery.DiscoveryClient    : Saw local status change event StatusChangeEvent [timestamp=1771918746960, current=DOWN, previous=UP]
2026-02-24T14:39:06.960+07:00  WARN 34748 --- [borrow-service] [           main] ConfigServletWebServerApplicationContext : Exception encountered during context initialization - cancelling refresh attempt: org.springframework.context.ApplicationContextException: Failed to start bean 'webServerStartStop'
2026-02-24T14:39:06.964+07:00  INFO 34748 --- [borrow-service] [           main] j.LocalContainerEntityManagerFactoryBean : Closing JPA EntityManagerFactory for persistence unit 'default'
2026-02-24T14:39:06.965+07:00  INFO 34748 --- [borrow-service] [           main] com.zaxxer.hikari.HikariDataSource       : HikariPool-1 - Shutdown initiated...
2026-02-24T14:39:06.972+07:00  INFO 34748 --- [borrow-service] [           main] com.zaxxer.hikari.HikariDataSource       : HikariPool-1 - Shutdown completed.
2026-02-24T14:39:06.973+07:00  INFO 34748 --- [borrow-service] [           main] com.netflix.discovery.DiscoveryClient    : Shutting down DiscoveryClient ...
2026-02-24T14:39:06.989+07:00  INFO 34748 --- [borrow-service] [foReplicator-%d] com.netflix.discovery.DiscoveryClient    : DiscoveryClient_BORROW-SERVICE/Wuan:borrow-service:8070 - registration status: 204
2026-02-24T14:39:06.990+07:00  INFO 34748 --- [borrow-service] [foReplicator-%d] com.netflix.discovery.DiscoveryClient    : DiscoveryClient_BORROW-SERVICE/Wuan:borrow-service:8070: registering service...
2026-02-24T14:39:06.994+07:00  INFO 34748 --- [borrow-service] [foReplicator-%d] com.netflix.discovery.DiscoveryClient    : DiscoveryClient_BORROW-SERVICE/Wuan:borrow-service:8070 - registration status: 204
2026-02-24T14:39:06.994+07:00  INFO 34748 --- [borrow-service] [           main] com.netflix.discovery.DiscoveryClient    : Unregistering ...
2026-02-24T14:39:06.999+07:00  INFO 34748 --- [borrow-service] [           main] com.netflix.discovery.DiscoveryClient    : DiscoveryClient_BORROW-SERVICE/Wuan:borrow-service:8070 - deregister  status: 200
2026-02-24T14:39:07.000+07:00  INFO 34748 --- [borrow-service] [           main] com.netflix.discovery.DiscoveryClient    : Completed shut down of DiscoveryClient
2026-02-24T14:39:07.012+07:00  INFO 34748 --- [borrow-service] [           main] .s.b.a.l.ConditionEvaluationReportLogger : 

Error starting ApplicationContext. To display the condition evaluation report re-run your application with 'debug' enabled.
2026-02-24T14:39:07.024+07:00 ERROR 34748 --- [borrow-service] [           main] o.s.b.d.LoggingFailureAnalysisReporter   : 

***************************
APPLICATION FAILED TO START
***************************

Description:

Web server failed to start. Port 8070 was already in use.

Action:

Identify and stop the process that's listening on port 8070 or configure this application to listen on another port.

[INFO] ------------------------------------------------------------------------
[INFO] BUILD FAILURE
[INFO] ------------------------------------------------------------------------
[INFO] Total time:  9.587 s
[INFO] Finished at: 2026-02-24T14:39:07+07:00
[INFO] ------------------------------------------------------------------------
[ERROR] Failed to execute goal org.springframework.boot:spring-boot-maven-plugin:3.4.3:run (default-cli) on project borrowservice: Process terminated with exit code: 1 -> [Help 1]
[ERROR] 
[ERROR] To see the full stack trace of the errors, re-run Maven with the -e switch.
[ERROR] Re-run Maven using the -X switch to enable full debug logging.
[ERROR] 
[ERROR] For more information about the errors and possible solutions, please read the following articles:
[ERROR] [Help 1] http://cwiki.apache.org/confluence/display/MAVEN/MojoExecutionException
